<?xml version="1.0" encoding="UTF-8"?>
<robot generator="Robot 7.2.2 (Python 3.13.2 on win32)" generated="2025-04-17T00:40:29.536821" rpa="false" schemaversion="5">
<suite id="s1" name="automationTests" source="C:\Users\noora\GIT\automationTests">
<suite id="s1-s1" name="robotFramework" source="C:\Users\noora\GIT\automationTests\robotFramework">
<suite id="s1-s1-s1" name="Tests" source="C:\Users\noora\GIT\automationTests\robotFramework\tests">
<suite id="s1-s1-s1-s1" name="Authentication" source="C:\Users\noora\GIT\automationTests\robotFramework\tests\authentication">
<suite id="s1-s1-s1-s1-s1" name="Login" source="C:\Users\noora\GIT\automationTests\robotFramework\tests\authentication\login.robot">
<test id="s1-s1-s1-s1-s1-t1" name="Successful login with a valid user" line="12">
<kw name="New Context" owner="Browser" type="SETUP">
<msg time="2025-04-17T00:40:29.854039" level="INFO">{
  "acceptDownloads": true,
  "bypassCSP": false,
  "forcedColors": "none",
  "ignoreHTTPSErrors": false,
  "javaScriptEnabled": true,
  "offline": false,
  "reducedMotion": "no-preference",
  "serviceWorkers": "allow",
  "tracing": true,
  "viewport": {
    "width": 1280,
    "height": 720
  }
}</msg>
<msg time="2025-04-17T00:40:29.917530" level="INFO">Starting Browser process C:\Users\noora\AppData\Roaming\Python\Python313\site-packages\Browser\wrapper\index.js using port 58100</msg>
<msg time="2025-04-17T00:40:29.917866" level="INFO">Node startup parameters: ['node', 'C:\\Users\\noora\\AppData\\Roaming\\Python\\Python313\\site-packages\\Browser\\wrapper\\index.js', '58100']</msg>
<msg time="2025-04-17T00:40:31.304396" level="INFO">Successfully created context and trace file will be saved to: C:\Users\noora\GIT\automationTests\results\browser\traces\trace_context=1bd97328-3c56-4dd2-a13b-a3a8f0d2b43d.zip</msg>
<msg time="2025-04-17T00:40:31.304872" level="INFO">{'acceptDownloads': True, 'bypassCSP': False, 'forcedColors': 'none', 'ignoreHTTPSErrors': False, 'javaScriptEnabled': True, 'offline': False, 'reducedMotion': 'no-preference', 'serviceWorkers': 'allow', 'tracing': True, 'viewport': {'width': 1280, 'height': 720}, 'trace': {'screenshots': True, 'snapshots': True}}</msg>
<msg time="2025-04-17T00:40:31.305576" level="INFO">No browser was open. New browser was automatically opened when this context is created.</msg>
<arg>tracing=True</arg>
<tag>BrowserControl</tag>
<tag>Setter</tag>
<doc>Create a new BrowserContext with specified options.</doc>
<status status="PASS" start="2025-04-17T00:40:29.851789" elapsed="1.454391"/>
</kw>
<kw name="Given the user is on the login page">
<kw name="New Page" owner="Browser">
<msg time="2025-04-17T00:40:31.967020" level="INFO">Successfully initialized new page object and opened url: https://saucedemo.com/</msg>
<arg>https://saucedemo.com/</arg>
<tag>BrowserControl</tag>
<tag>Setter</tag>
<doc>Open a new Page.</doc>
<status status="PASS" start="2025-04-17T00:40:31.324820" elapsed="0.643034"/>
</kw>
<status status="PASS" start="2025-04-17T00:40:31.317137" elapsed="0.656649"/>
</kw>
<kw name="When the user enters a username and password">
<kw name="Type Text" owner="Browser">
<msg time="2025-04-17T00:40:31.994966" level="INFO">Types the text 'standard_user' in the given field.</msg>
<arg>id=user-name</arg>
<arg>${username}</arg>
<tag>PageContent</tag>
<tag>Setter</tag>
<doc>Types the given ``txt`` into the text field found by ``selector``.</doc>
<status status="PASS" start="2025-04-17T00:40:31.988664" elapsed="0.159031"/>
</kw>
<kw name="Type Text" owner="Browser">
<msg time="2025-04-17T00:40:32.162091" level="INFO">Types the text 'secret_sauce' in the given field.</msg>
<arg>id=password</arg>
<arg>${password}</arg>
<tag>PageContent</tag>
<tag>Setter</tag>
<doc>Types the given ``txt`` into the text field found by ``selector``.</doc>
<status status="PASS" start="2025-04-17T00:40:32.155572" elapsed="0.137590"/>
</kw>
<if>
<branch type="IF" condition="&quot;${username}&quot; == &quot;standard_user&quot; and &quot;${password}&quot; == &quot;secret_sauce&quot;">
<kw name="Log To Console" owner="BuiltIn">
<arg>Login successfully</arg>
<doc>Logs the given message to the console.</doc>
<status status="PASS" start="2025-04-17T00:40:32.303668" elapsed="0.005073"/>
</kw>
<kw name="Set Test Variable" owner="BuiltIn">
<msg time="2025-04-17T00:40:32.317850" level="INFO">${login_type} = Valid</msg>
<arg>${login_type}</arg>
<arg>Valid</arg>
<doc>Makes a variable available everywhere within the scope of the current test.</doc>
<status status="PASS" start="2025-04-17T00:40:32.313318" elapsed="0.004890"/>
</kw>
<status status="PASS" start="2025-04-17T00:40:32.298667" elapsed="0.022647"/>
</branch>
<branch type="ELSE IF" condition="&quot;${username}&quot; == &quot;locked_out_user&quot; and &quot;${password}&quot; == &quot;secret_sauce&quot;">
<kw name="Log To Console" owner="BuiltIn">
<arg>Login failed: locked-out</arg>
<doc>Logs the given message to the console.</doc>
<status status="NOT RUN" start="2025-04-17T00:40:32.329750" elapsed="0.003548"/>
</kw>
<kw name="Set Test Variable" owner="BuiltIn">
<arg>${login_type}</arg>
<arg>Locked-out</arg>
<doc>Makes a variable available everywhere within the scope of the current test.</doc>
<status status="NOT RUN" start="2025-04-17T00:40:32.338038" elapsed="0.004240"/>
</kw>
<status status="NOT RUN" start="2025-04-17T00:40:32.325241" elapsed="0.021464"/>
</branch>
<branch type="ELSE IF" condition="&quot;${username}&quot; not in [&quot;standard_user&quot;, &quot;locked_out_user&quot;, &quot;problem_user&quot;, &quot;performance_glitch_user&quot;, &quot;error_user&quot;, &quot;visual_user&quot;] and &quot;${password}&quot; == &quot;secret_sauce&quot;">
<kw name="Log To Console" owner="BuiltIn">
<arg>Login failed: Invalid</arg>
<doc>Logs the given message to the console.</doc>
<status status="NOT RUN" start="2025-04-17T00:40:32.354989" elapsed="0.004101"/>
</kw>
<kw name="Set Test Variable" owner="BuiltIn">
<arg>${login_type}</arg>
<arg>Invalid</arg>
<doc>Makes a variable available everywhere within the scope of the current test.</doc>
<status status="NOT RUN" start="2025-04-17T00:40:32.364281" elapsed="0.004008"/>
</kw>
<status status="NOT RUN" start="2025-04-17T00:40:32.350067" elapsed="0.021383"/>
</branch>
<branch type="ELSE">
<kw name="Log To Console" owner="BuiltIn">
<arg>Unexpected usename or password</arg>
<doc>Logs the given message to the console.</doc>
<status status="NOT RUN" start="2025-04-17T00:40:32.381379" elapsed="0.003684"/>
</kw>
<kw name="Set Test Variable" owner="BuiltIn">
<arg>${login_type}</arg>
<arg>Unknown</arg>
<doc>Makes a variable available everywhere within the scope of the current test.</doc>
<status status="NOT RUN" start="2025-04-17T00:40:32.388449" elapsed="0.003899"/>
</kw>
<status status="NOT RUN" start="2025-04-17T00:40:32.375288" elapsed="0.021122"/>
</branch>
<status status="PASS" start="2025-04-17T00:40:32.298569" elapsed="0.101073"/>
</if>
<arg>standard_user</arg>
<arg>secret_sauce</arg>
<doc>This keyword is to enter username and password</doc>
<status status="PASS" start="2025-04-17T00:40:31.982849" elapsed="0.416940"/>
</kw>
<kw name="And the user clicks the login button">
<kw name="Click" owner="Browser">
<msg time="2025-04-17T00:40:32.411485" level="INFO">Clicks the element 'id=login-button'.</msg>
<arg>id=login-button</arg>
<tag>PageContent</tag>
<tag>Setter</tag>
<doc>Simulates mouse click on the element found by ``selector``.</doc>
<status status="PASS" start="2025-04-17T00:40:32.406866" elapsed="0.117040"/>
</kw>
<status status="PASS" start="2025-04-17T00:40:32.403188" elapsed="0.126087"/>
</kw>
<kw name="Then the user should be redirected to the products page">
<kw name="Get Url" owner="Browser">
<arg>should end with</arg>
<arg>inventory.html</arg>
<tag>Assertion</tag>
<tag>Getter</tag>
<tag>PageContent</tag>
<doc>Returns the current URL.</doc>
<status status="PASS" start="2025-04-17T00:40:32.538506" elapsed="0.007729"/>
</kw>
<status status="PASS" start="2025-04-17T00:40:32.533423" elapsed="0.015796"/>
</kw>
<kw name="Close Context" owner="Browser" type="TEARDOWN">
<msg time="2025-04-17T00:40:32.602315" level="INFO">Switching browser to CURRENT</msg>
<msg time="2025-04-17T00:40:32.606777" level="INFO">Returned active browser id. CURRENT</msg>
<msg time="2025-04-17T00:40:32.614458" level="INFO">Switching context to CURRENT in CURRENT</msg>
<msg time="2025-04-17T00:40:32.619540" level="INFO">Returned active context id: CURRENT</msg>
<msg time="2025-04-17T00:40:32.620650" level="INFO">Switching context to context=1bd97328-3c56-4dd2-a13b-a3a8f0d2b43d in CURRENT</msg>
<msg time="2025-04-17T00:40:32.632634" level="INFO">Successfully changed active context: context=1bd97328-3c56-4dd2-a13b-a3a8f0d2b43d</msg>
<msg time="2025-04-17T00:40:32.754389" level="INFO">Successfully closed Context</msg>
<tag>BrowserControl</tag>
<tag>Setter</tag>
<doc>Closes a Context.</doc>
<status status="PASS" start="2025-04-17T00:40:32.587714" elapsed="0.169937"/>
</kw>
<msg time="2025-04-17T00:40:32.763515" level="INFO">No context open.</msg>
<doc>This test case is to test login with a valid user</doc>
<status status="PASS" start="2025-04-17T00:40:29.849607" elapsed="2.908533"/>
</test>
<test id="s1-s1-s1-s1-s1-t2" name="Login With Invalid User" line="20">
<kw name="New Context" owner="Browser" type="SETUP">
<msg time="2025-04-17T00:40:32.777796" level="INFO">{
  "acceptDownloads": true,
  "bypassCSP": false,
  "forcedColors": "none",
  "ignoreHTTPSErrors": false,
  "javaScriptEnabled": true,
  "offline": false,
  "reducedMotion": "no-preference",
  "serviceWorkers": "allow",
  "tracing": true,
  "viewport": {
    "width": 1280,
    "height": 720
  }
}</msg>
<msg time="2025-04-17T00:40:32.793244" level="INFO">Successfully created context and trace file will be saved to: C:\Users\noora\GIT\automationTests\results\browser\traces\trace_context=9e322ad6-699d-44eb-80c8-850e24ed43d5.zip</msg>
<msg time="2025-04-17T00:40:32.794631" level="INFO">{'acceptDownloads': True, 'bypassCSP': False, 'forcedColors': 'none', 'ignoreHTTPSErrors': False, 'javaScriptEnabled': True, 'offline': False, 'reducedMotion': 'no-preference', 'serviceWorkers': 'allow', 'tracing': True, 'viewport': {'width': 1280, 'height': 720}, 'trace': {'screenshots': True, 'snapshots': True}}</msg>
<arg>tracing=True</arg>
<tag>BrowserControl</tag>
<tag>Setter</tag>
<doc>Create a new BrowserContext with specified options.</doc>
<status status="PASS" start="2025-04-17T00:40:32.774103" elapsed="0.021171"/>
</kw>
<kw name="Given the user is on the login page">
<kw name="New Page" owner="Browser">
<msg time="2025-04-17T00:40:33.256761" level="INFO">Successfully initialized new page object and opened url: https://saucedemo.com/</msg>
<arg>https://saucedemo.com/</arg>
<tag>BrowserControl</tag>
<tag>Setter</tag>
<doc>Open a new Page.</doc>
<status status="PASS" start="2025-04-17T00:40:32.809883" elapsed="0.447559"/>
</kw>
<status status="PASS" start="2025-04-17T00:40:32.803108" elapsed="0.461587"/>
</kw>
<kw name="When the user enters a username and password">
<kw name="Type Text" owner="Browser">
<msg time="2025-04-17T00:40:33.282186" level="INFO">Types the text '12' in the given field.</msg>
<arg>id=user-name</arg>
<arg>${username}</arg>
<tag>PageContent</tag>
<tag>Setter</tag>
<doc>Types the given ``txt`` into the text field found by ``selector``.</doc>
<status status="PASS" start="2025-04-17T00:40:33.275408" elapsed="0.087244"/>
</kw>
<kw name="Type Text" owner="Browser">
<msg time="2025-04-17T00:40:33.372801" level="INFO">Types the text 'secret_sauce' in the given field.</msg>
<arg>id=password</arg>
<arg>${password}</arg>
<tag>PageContent</tag>
<tag>Setter</tag>
<doc>Types the given ``txt`` into the text field found by ``selector``.</doc>
<status status="PASS" start="2025-04-17T00:40:33.367200" elapsed="0.095534"/>
</kw>
<if>
<branch type="IF" condition="&quot;${username}&quot; == &quot;standard_user&quot; and &quot;${password}&quot; == &quot;secret_sauce&quot;">
<kw name="Log To Console" owner="BuiltIn">
<arg>Login successfully</arg>
<doc>Logs the given message to the console.</doc>
<status status="NOT RUN" start="2025-04-17T00:40:33.472397" elapsed="0.006782"/>
</kw>
<kw name="Set Test Variable" owner="BuiltIn">
<arg>${login_type}</arg>
<arg>Valid</arg>
<doc>Makes a variable available everywhere within the scope of the current test.</doc>
<status status="NOT RUN" start="2025-04-17T00:40:33.482910" elapsed="0.004686"/>
</kw>
<status status="NOT RUN" start="2025-04-17T00:40:33.467764" elapsed="0.024005"/>
</branch>
<branch type="ELSE IF" condition="&quot;${username}&quot; == &quot;locked_out_user&quot; and &quot;${password}&quot; == &quot;secret_sauce&quot;">
<kw name="Log To Console" owner="BuiltIn">
<arg>Login failed: locked-out</arg>
<doc>Logs the given message to the console.</doc>
<status status="NOT RUN" start="2025-04-17T00:40:33.499823" elapsed="0.003866"/>
</kw>
<kw name="Set Test Variable" owner="BuiltIn">
<arg>${login_type}</arg>
<arg>Locked-out</arg>
<doc>Makes a variable available everywhere within the scope of the current test.</doc>
<status status="NOT RUN" start="2025-04-17T00:40:33.507305" elapsed="0.004425"/>
</kw>
<status status="NOT RUN" start="2025-04-17T00:40:33.495900" elapsed="0.018940"/>
</branch>
<branch type="ELSE IF" condition="&quot;${username}&quot; not in [&quot;standard_user&quot;, &quot;locked_out_user&quot;, &quot;problem_user&quot;, &quot;performance_glitch_user&quot;, &quot;error_user&quot;, &quot;visual_user&quot;] and &quot;${password}&quot; == &quot;secret_sauce&quot;">
<kw name="Log To Console" owner="BuiltIn">
<arg>Login failed: Invalid</arg>
<doc>Logs the given message to the console.</doc>
<status status="PASS" start="2025-04-17T00:40:33.521768" elapsed="0.004030"/>
</kw>
<kw name="Set Test Variable" owner="BuiltIn">
<msg time="2025-04-17T00:40:33.533394" level="INFO">${login_type} = Invalid</msg>
<arg>${login_type}</arg>
<arg>Invalid</arg>
<doc>Makes a variable available everywhere within the scope of the current test.</doc>
<status status="PASS" start="2025-04-17T00:40:33.529511" elapsed="0.004152"/>
</kw>
<status status="PASS" start="2025-04-17T00:40:33.518019" elapsed="0.018834"/>
</branch>
<branch type="ELSE">
<kw name="Log To Console" owner="BuiltIn">
<arg>Unexpected usename or password</arg>
<doc>Logs the given message to the console.</doc>
<status status="NOT RUN" start="2025-04-17T00:40:33.544159" elapsed="0.003246"/>
</kw>
<kw name="Set Test Variable" owner="BuiltIn">
<arg>${login_type}</arg>
<arg>Unknown</arg>
<doc>Makes a variable available everywhere within the scope of the current test.</doc>
<status status="NOT RUN" start="2025-04-17T00:40:33.550603" elapsed="0.003406"/>
</kw>
<status status="NOT RUN" start="2025-04-17T00:40:33.539835" elapsed="0.017115"/>
</branch>
<status status="PASS" start="2025-04-17T00:40:33.467686" elapsed="0.093586"/>
</if>
<arg>12</arg>
<arg>secret_sauce</arg>
<doc>This keyword is to enter username and password</doc>
<status status="PASS" start="2025-04-17T00:40:33.269717" elapsed="0.291788"/>
</kw>
<kw name="And the user clicks the login button">
<kw name="Click" owner="Browser">
<msg time="2025-04-17T00:40:33.573762" level="INFO">Clicks the element 'id=login-button'.</msg>
<arg>id=login-button</arg>
<tag>PageContent</tag>
<tag>Setter</tag>
<doc>Simulates mouse click on the element found by ``selector``.</doc>
<status status="PASS" start="2025-04-17T00:40:33.569726" elapsed="0.065390"/>
</kw>
<status status="PASS" start="2025-04-17T00:40:33.565425" elapsed="0.073281"/>
</kw>
<kw name="Then an error message should be displayed">
<if>
<branch type="IF" condition="&quot;${login_type}&quot; == &quot;Invalid&quot;">
<kw name="Log To Console" owner="BuiltIn">
<arg>Error message "Username and password do not match any user in this service" is displayed</arg>
<doc>Logs the given message to the console.</doc>
<status status="PASS" start="2025-04-17T00:40:33.653135" elapsed="0.004105"/>
</kw>
<kw name="Get Text" owner="Browser">
<msg time="2025-04-17T00:40:33.717001" level="INFO">Text: 'Epic sadface: Username and password do not match any user in this service'</msg>
<arg>xpath=//h3[@data-test='error']</arg>
<arg>==</arg>
<arg>Epic sadface: Username and password do not match any user in this service</arg>
<tag>Assertion</tag>
<tag>Getter</tag>
<tag>PageContent</tag>
<doc>Returns text attribute of the element found by ``selector``.</doc>
<status status="PASS" start="2025-04-17T00:40:33.661370" elapsed="0.056741"/>
</kw>
<status status="PASS" start="2025-04-17T00:40:33.649059" elapsed="0.073273"/>
</branch>
<branch type="ELSE IF" condition="&quot;${login_type}&quot; == &quot;Locked-out&quot;">
<kw name="Log To Console" owner="BuiltIn">
<arg>Error message "Sorry, this user has been locked out." is displayed</arg>
<doc>Logs the given message to the console.</doc>
<status status="NOT RUN" start="2025-04-17T00:40:33.731378" elapsed="0.003376"/>
</kw>
<kw name="Get Text" owner="Browser">
<arg>xpath=//h3[@data-test='error']</arg>
<arg>==</arg>
<arg>Epic sadface: Sorry, this user has been locked out.</arg>
<tag>Assertion</tag>
<tag>Getter</tag>
<tag>PageContent</tag>
<doc>Returns text attribute of the element found by ``selector``.</doc>
<status status="NOT RUN" start="2025-04-17T00:40:33.737965" elapsed="0.003877"/>
</kw>
<status status="NOT RUN" start="2025-04-17T00:40:33.725993" elapsed="0.020086"/>
</branch>
<branch type="ELSE">
<kw name="Log To Console" owner="BuiltIn">
<arg>Error message is not displayed</arg>
<doc>Logs the given message to the console.</doc>
<status status="NOT RUN" start="2025-04-17T00:40:33.752510" elapsed="0.003292"/>
</kw>
<kw name="Fail" owner="BuiltIn">
<arg>Error message is not displayed</arg>
<doc>Fails the test with the given message and optionally alters its tags.</doc>
<status status="NOT RUN" start="2025-04-17T00:40:33.760268" elapsed="0.004224"/>
</kw>
<status status="NOT RUN" start="2025-04-17T00:40:33.749141" elapsed="0.018471"/>
</branch>
<status status="PASS" start="2025-04-17T00:40:33.648994" elapsed="0.121610"/>
</if>
<arg>Epic sadface: Username and password do not match any user in this service</arg>
<doc>This keyword is to check error message</doc>
<status status="PASS" start="2025-04-17T00:40:33.644122" elapsed="0.126640"/>
</kw>
<kw name="Close Context" owner="Browser" type="TEARDOWN">
<msg time="2025-04-17T00:40:33.784473" level="INFO">Switching browser to CURRENT</msg>
<msg time="2025-04-17T00:40:33.788026" level="INFO">Returned active browser id. CURRENT</msg>
<msg time="2025-04-17T00:40:33.795755" level="INFO">Switching context to CURRENT in CURRENT</msg>
<msg time="2025-04-17T00:40:33.800300" level="INFO">Returned active context id: CURRENT</msg>
<msg time="2025-04-17T00:40:33.801468" level="INFO">Switching context to context=9e322ad6-699d-44eb-80c8-850e24ed43d5 in CURRENT</msg>
<msg time="2025-04-17T00:40:33.812194" level="INFO">Successfully changed active context: context=9e322ad6-699d-44eb-80c8-850e24ed43d5</msg>
<msg time="2025-04-17T00:40:33.910852" level="INFO">Successfully closed Context</msg>
<tag>BrowserControl</tag>
<tag>Setter</tag>
<doc>Closes a Context.</doc>
<status status="PASS" start="2025-04-17T00:40:33.775105" elapsed="0.140091"/>
</kw>
<msg time="2025-04-17T00:40:33.919251" level="INFO">No context open.</msg>
<doc>This test case is to test login with an invalid user</doc>
<status status="PASS" start="2025-04-17T00:40:32.768683" elapsed="1.147100"/>
</test>
<test id="s1-s1-s1-s1-s1-t3" name="Login with a locked-out user" line="29">
<kw name="New Context" owner="Browser" type="SETUP">
<msg time="2025-04-17T00:40:33.934238" level="INFO">{
  "acceptDownloads": true,
  "bypassCSP": false,
  "forcedColors": "none",
  "ignoreHTTPSErrors": false,
  "javaScriptEnabled": true,
  "offline": false,
  "reducedMotion": "no-preference",
  "serviceWorkers": "allow",
  "tracing": true,
  "viewport": {
    "width": 1280,
    "height": 720
  }
}</msg>
<msg time="2025-04-17T00:40:33.951516" level="INFO">Successfully created context and trace file will be saved to: C:\Users\noora\GIT\automationTests\results\browser\traces\trace_context=1bf70086-ad6a-405d-956d-3c11e0e6506a.zip</msg>
<msg time="2025-04-17T00:40:33.952063" level="INFO">{'acceptDownloads': True, 'bypassCSP': False, 'forcedColors': 'none', 'ignoreHTTPSErrors': False, 'javaScriptEnabled': True, 'offline': False, 'reducedMotion': 'no-preference', 'serviceWorkers': 'allow', 'tracing': True, 'viewport': {'width': 1280, 'height': 720}, 'trace': {'screenshots': True, 'snapshots': True}}</msg>
<arg>tracing=True</arg>
<tag>BrowserControl</tag>
<tag>Setter</tag>
<doc>Create a new BrowserContext with specified options.</doc>
<status status="PASS" start="2025-04-17T00:40:33.931473" elapsed="0.021223"/>
</kw>
<kw name="Given the user is on the login page">
<kw name="New Page" owner="Browser">
<msg time="2025-04-17T00:40:34.472875" level="INFO">Successfully initialized new page object and opened url: https://saucedemo.com/</msg>
<arg>https://saucedemo.com/</arg>
<tag>BrowserControl</tag>
<tag>Setter</tag>
<doc>Open a new Page.</doc>
<status status="PASS" start="2025-04-17T00:40:33.967021" elapsed="0.506703"/>
</kw>
<status status="PASS" start="2025-04-17T00:40:33.960614" elapsed="0.518700"/>
</kw>
<kw name="When the user enters a username and password">
<kw name="Type Text" owner="Browser">
<msg time="2025-04-17T00:40:34.495875" level="INFO">Types the text 'locked_out_user' in the given field.</msg>
<arg>id=user-name</arg>
<arg>${username}</arg>
<tag>PageContent</tag>
<tag>Setter</tag>
<doc>Types the given ``txt`` into the text field found by ``selector``.</doc>
<status status="PASS" start="2025-04-17T00:40:34.489651" elapsed="0.153036"/>
</kw>
<kw name="Type Text" owner="Browser">
<msg time="2025-04-17T00:40:34.659516" level="INFO">Types the text 'secret_sauce' in the given field.</msg>
<arg>id=password</arg>
<arg>${password}</arg>
<tag>PageContent</tag>
<tag>Setter</tag>
<doc>Types the given ``txt`` into the text field found by ``selector``.</doc>
<status status="PASS" start="2025-04-17T00:40:34.649143" elapsed="0.098740"/>
</kw>
<if>
<branch type="IF" condition="&quot;${username}&quot; == &quot;standard_user&quot; and &quot;${password}&quot; == &quot;secret_sauce&quot;">
<kw name="Log To Console" owner="BuiltIn">
<arg>Login successfully</arg>
<doc>Logs the given message to the console.</doc>
<status status="NOT RUN" start="2025-04-17T00:40:34.758918" elapsed="0.004141"/>
</kw>
<kw name="Set Test Variable" owner="BuiltIn">
<arg>${login_type}</arg>
<arg>Valid</arg>
<doc>Makes a variable available everywhere within the scope of the current test.</doc>
<status status="NOT RUN" start="2025-04-17T00:40:34.766610" elapsed="0.004060"/>
</kw>
<status status="NOT RUN" start="2025-04-17T00:40:34.753629" elapsed="0.020805"/>
</branch>
<branch type="ELSE IF" condition="&quot;${username}&quot; == &quot;locked_out_user&quot; and &quot;${password}&quot; == &quot;secret_sauce&quot;">
<kw name="Log To Console" owner="BuiltIn">
<arg>Login failed: locked-out</arg>
<doc>Logs the given message to the console.</doc>
<status status="PASS" start="2025-04-17T00:40:34.782183" elapsed="0.003567"/>
</kw>
<kw name="Set Test Variable" owner="BuiltIn">
<msg time="2025-04-17T00:40:34.795279" level="INFO">${login_type} = Locked-out</msg>
<arg>${login_type}</arg>
<arg>Locked-out</arg>
<doc>Makes a variable available everywhere within the scope of the current test.</doc>
<status status="PASS" start="2025-04-17T00:40:34.789765" elapsed="0.005983"/>
</kw>
<status status="PASS" start="2025-04-17T00:40:34.778318" elapsed="0.022068"/>
</branch>
<branch type="ELSE IF" condition="&quot;${username}&quot; not in [&quot;standard_user&quot;, &quot;locked_out_user&quot;, &quot;problem_user&quot;, &quot;performance_glitch_user&quot;, &quot;error_user&quot;, &quot;visual_user&quot;] and &quot;${password}&quot; == &quot;secret_sauce&quot;">
<kw name="Log To Console" owner="BuiltIn">
<arg>Login failed: Invalid</arg>
<doc>Logs the given message to the console.</doc>
<status status="NOT RUN" start="2025-04-17T00:40:34.808925" elapsed="0.004450"/>
</kw>
<kw name="Set Test Variable" owner="BuiltIn">
<arg>${login_type}</arg>
<arg>Invalid</arg>
<doc>Makes a variable available everywhere within the scope of the current test.</doc>
<status status="NOT RUN" start="2025-04-17T00:40:34.816959" elapsed="0.004567"/>
</kw>
<status status="NOT RUN" start="2025-04-17T00:40:34.803846" elapsed="0.021610"/>
</branch>
<branch type="ELSE">
<kw name="Log To Console" owner="BuiltIn">
<arg>Unexpected usename or password</arg>
<doc>Logs the given message to the console.</doc>
<status status="NOT RUN" start="2025-04-17T00:40:34.834318" elapsed="0.003646"/>
</kw>
<kw name="Set Test Variable" owner="BuiltIn">
<arg>${login_type}</arg>
<arg>Unknown</arg>
<doc>Makes a variable available everywhere within the scope of the current test.</doc>
<status status="NOT RUN" start="2025-04-17T00:40:34.844145" elapsed="0.005033"/>
</kw>
<status status="NOT RUN" start="2025-04-17T00:40:34.830206" elapsed="0.023363"/>
</branch>
<status status="PASS" start="2025-04-17T00:40:34.753554" elapsed="0.105381"/>
</if>
<arg>locked_out_user</arg>
<arg>secret_sauce</arg>
<doc>This keyword is to enter username and password</doc>
<status status="PASS" start="2025-04-17T00:40:34.484742" elapsed="0.374416"/>
</kw>
<kw name="And the user clicks the login button">
<kw name="Click" owner="Browser">
<msg time="2025-04-17T00:40:34.876836" level="INFO">Clicks the element 'id=login-button'.</msg>
<arg>id=login-button</arg>
<tag>PageContent</tag>
<tag>Setter</tag>
<doc>Simulates mouse click on the element found by ``selector``.</doc>
<status status="PASS" start="2025-04-17T00:40:34.870339" elapsed="0.074238"/>
</kw>
<status status="PASS" start="2025-04-17T00:40:34.864798" elapsed="0.083251"/>
</kw>
<kw name="Then an error message should be displayed">
<if>
<branch type="IF" condition="&quot;${login_type}&quot; == &quot;Invalid&quot;">
<kw name="Log To Console" owner="BuiltIn">
<arg>Error message "Username and password do not match any user in this service" is displayed</arg>
<doc>Logs the given message to the console.</doc>
<status status="NOT RUN" start="2025-04-17T00:40:34.963370" elapsed="0.005200"/>
</kw>
<kw name="Get Text" owner="Browser">
<arg>xpath=//h3[@data-test='error']</arg>
<arg>==</arg>
<arg>Epic sadface: Username and password do not match any user in this service</arg>
<tag>Assertion</tag>
<tag>Getter</tag>
<tag>PageContent</tag>
<doc>Returns text attribute of the element found by ``selector``.</doc>
<status status="NOT RUN" start="2025-04-17T00:40:34.972654" elapsed="0.004871"/>
</kw>
<status status="NOT RUN" start="2025-04-17T00:40:34.957440" elapsed="0.023870"/>
</branch>
<branch type="ELSE IF" condition="&quot;${login_type}&quot; == &quot;Locked-out&quot;">
<kw name="Log To Console" owner="BuiltIn">
<arg>Error message "Sorry, this user has been locked out." is displayed</arg>
<doc>Logs the given message to the console.</doc>
<status status="PASS" start="2025-04-17T00:40:34.988599" elapsed="0.005229"/>
</kw>
<kw name="Get Text" owner="Browser">
<msg time="2025-04-17T00:40:35.054034" level="INFO">Text: 'Epic sadface: Sorry, this user has been locked out.'</msg>
<arg>xpath=//h3[@data-test='error']</arg>
<arg>==</arg>
<arg>Epic sadface: Sorry, this user has been locked out.</arg>
<tag>Assertion</tag>
<tag>Getter</tag>
<tag>PageContent</tag>
<doc>Returns text attribute of the element found by ``selector``.</doc>
<status status="PASS" start="2025-04-17T00:40:34.998401" elapsed="0.055988"/>
</kw>
<status status="PASS" start="2025-04-17T00:40:34.984801" elapsed="0.074265"/>
</branch>
<branch type="ELSE">
<kw name="Log To Console" owner="BuiltIn">
<arg>Error message is not displayed</arg>
<doc>Logs the given message to the console.</doc>
<status status="NOT RUN" start="2025-04-17T00:40:35.066928" elapsed="0.003900"/>
</kw>
<kw name="Fail" owner="BuiltIn">
<arg>Error message is not displayed</arg>
<doc>Fails the test with the given message and optionally alters its tags.</doc>
<status status="NOT RUN" start="2025-04-17T00:40:35.075624" elapsed="0.003992"/>
</kw>
<status status="NOT RUN" start="2025-04-17T00:40:35.063208" elapsed="0.019621"/>
</branch>
<status status="PASS" start="2025-04-17T00:40:34.957360" elapsed="0.128686"/>
</if>
<arg>Epic sadface: Sorry, this user has been locked out.</arg>
<doc>This keyword is to check error message</doc>
<status status="PASS" start="2025-04-17T00:40:34.952630" elapsed="0.133592"/>
</kw>
<kw name="Close Context" owner="Browser" type="TEARDOWN">
<msg time="2025-04-17T00:40:35.100709" level="INFO">Switching browser to CURRENT</msg>
<msg time="2025-04-17T00:40:35.104963" level="INFO">Returned active browser id. CURRENT</msg>
<msg time="2025-04-17T00:40:35.111897" level="INFO">Switching context to CURRENT in CURRENT</msg>
<msg time="2025-04-17T00:40:35.116527" level="INFO">Returned active context id: CURRENT</msg>
<msg time="2025-04-17T00:40:35.117711" level="INFO">Switching context to context=1bf70086-ad6a-405d-956d-3c11e0e6506a in CURRENT</msg>
<msg time="2025-04-17T00:40:35.129629" level="INFO">Successfully changed active context: context=1bf70086-ad6a-405d-956d-3c11e0e6506a</msg>
<msg time="2025-04-17T00:40:35.202065" level="INFO">Successfully closed Context</msg>
<tag>BrowserControl</tag>
<tag>Setter</tag>
<doc>Closes a Context.</doc>
<status status="PASS" start="2025-04-17T00:40:35.090510" elapsed="0.114739"/>
</kw>
<msg time="2025-04-17T00:40:35.209498" level="INFO">No context open.</msg>
<doc>This test case is to test login with a locked-out user</doc>
<status status="PASS" start="2025-04-17T00:40:33.924996" elapsed="1.280738"/>
</test>
<status status="PASS" start="2025-04-17T00:40:29.588580" elapsed="5.625519"/>
</suite>
<status status="PASS" start="2025-04-17T00:40:29.585140" elapsed="5.637262"/>
</suite>
<status status="PASS" start="2025-04-17T00:40:29.582078" elapsed="5.643021"/>
</suite>
<status status="PASS" start="2025-04-17T00:40:29.577968" elapsed="5.649329"/>
</suite>
<status status="PASS" start="2025-04-17T00:40:29.543652" elapsed="5.685761"/>
</suite>
<statistics>
<total>
<stat pass="3" fail="0" skip="0">All Tests</stat>
</total>
<tag>
</tag>
<suite>
<stat name="automationTests" id="s1" pass="3" fail="0" skip="0">automationTests</stat>
<stat name="robotFramework" id="s1-s1" pass="3" fail="0" skip="0">automationTests.robotFramework</stat>
<stat name="Tests" id="s1-s1-s1" pass="3" fail="0" skip="0">automationTests.robotFramework.Tests</stat>
<stat name="Authentication" id="s1-s1-s1-s1" pass="3" fail="0" skip="0">automationTests.robotFramework.Tests.Authentication</stat>
<stat name="Login" id="s1-s1-s1-s1-s1" pass="3" fail="0" skip="0">automationTests.robotFramework.Tests.Authentication.Login</stat>
</suite>
</statistics>
<errors>
</errors>
</robot>
